[LOG] System::create                           : Header version = 2.01.04. Current version = 2.01.04.
[LOG] Manager::init                            : maxchannels = 256 studioflags = 00000006 flags 00000000 extradriverdata 0000000000000000.
[LOG] SystemI::init                            : Initialize version=20104 (111454), maxchannels=256, flags=0x00020000
[LOG] SystemI::setOutputInternal               : Setting output to 'FMOD WASAPI Output'
[LOG] OutputWASAPI::init                       : Mix Format (WAVEFORMATEX): wFormatTag=0xFFFE, nChannels=2, nSamplesPerSec=48000, nAvgBytesPerSec=384000, nBlockAlign=8, wBitsPerSample=32, cbSize=22.
[LOG] OutputWASAPI::init                       : Mix Format (WAVEFORMATEXTENSIBLE): wValidBitsPerSample=32, dwChannelMask=0x00000003, SubFormat=00000003-0000-0010-8000-00AA00389B71.
[LOG] OutputWASAPI::init                       : Output buffer size: 4096 samples, latency: 0.00ms, period: 10.00ms, DSP buffer: 1024 * 4
[LOG] Thread::initThread                       : Init FMOD stream thread. Affinity: 0x8000000000000003, Priority: 0xFFFF7FFB, Stack Size: 98304, Semaphore: No, Sleep Time: 10, Looping: Yes.
[LOG] Thread::initThread                       : Init FMOD mixer thread. Affinity: 0x8000000000000001, Priority: 0xFFFF7FFA, Stack Size: 81920, Semaphore: No, Sleep Time: 0, Looping: Yes.
<<<<<<< Updated upstream
[LOG] AsyncManager::init                       : manager 000001D29695A7B8 isAsync 0 updatePeriod 0.02
=======
[LOG] AsyncManager::init                       : manager 000002061879EE88 isAsync 0 updatePeriod 0.02
>>>>>>> Stashed changes
[LOG] AsyncManager::init                       : done
[LOG] PlaybackSystem::init                     : 
[LOG] Thread::initThread                       : Init FMOD Studio sample load thread. Affinity: 0x8000000000000003, Priority: 0xFFFF7FFD, Stack Size: 98304, Semaphore: No, Sleep Time: 1, Looping: No.
[LOG] PlaybackSystem::init                     : done
[LOG] Thread::initThread                       : Init FMOD Studio bank load thread. Affinity: 0x8000000000000003, Priority: 0xFFFF7FFD, Stack Size: 98304, Semaphore: No, Sleep Time: 1, Looping: No.
[LOG] Manager::init                            : done.
[LOG] Manager::readBank                        : fileversion = 135, compatVersion = 132 (oldest = 44, newest = 135)
[LOG] SystemI::createSoundInternal             : Create name='', mode=0x02000202
[LOG] SystemI::createSoundInternal             : exinfo->cbsize             = 224
[LOG] SystemI::createSoundInternal             : exinfo->length             = 65600
[LOG] SystemI::createSoundInternal             : exinfo->fileoffset         = 13024
[LOG] SystemI::createSoundInternal             : exinfo->numsubsounds       = 1
[LOG] SystemI::createSoundInternal             : exinfo->inclusionlist      = 000000BB43EBF128
[LOG] SystemI::createSoundInternal             : exinfo->inclusionlistnum   = 1
[LOG] SystemI::createSoundInternal             : exinfo->suggestedsoundtype = 5
[LOG] SystemI::createSoundInternal             : exinfo->useropen           = 00007FF81CBD7DE0
[LOG] SystemI::createSoundInternal             : exinfo->userclose          = 00007FF81CBD7DB0
[LOG] SystemI::createSoundInternal             : exinfo->userread           = 00007FF81CBD7EB0
[LOG] SystemI::createSoundInternal             : exinfo->userseek           = 00007FF81CBD7F70
[LOG] SystemI::createSoundInternal             : exinfo->fileuserdata       = 00000203B31EC628
[LOG] SystemI::createSoundInternal             : exinfo->initialseekpostype = 1
[LOG] SystemI::DSPCodecPoolRegister            : register codec pool for pool type 5
[LOG] SystemI::createSoundInternal             : Sample 0/1: name='Strix FS 3', format=5, channels=2, frequency=48000, lengthbytes=1984, lengthpcm=7515, pcmblocksize=0, loopstart=0, loopend=0, mode=0x00000000, channelmask=0x00000000, channelorder=0, peakvolume=0.021820.
[LOG] SystemI::createSoundInternal             : Create name='', mode=0x02000202
[LOG] SystemI::createSoundInternal             : exinfo->cbsize             = 224
[LOG] SystemI::createSoundInternal             : exinfo->length             = 65600
[LOG] SystemI::createSoundInternal             : exinfo->fileoffset         = 13024
[LOG] SystemI::createSoundInternal             : exinfo->numsubsounds       = 1
[LOG] SystemI::createSoundInternal             : exinfo->inclusionlist      = 000000BB43EBF128
[LOG] SystemI::createSoundInternal             : exinfo->inclusionlistnum   = 1
[LOG] SystemI::createSoundInternal             : exinfo->suggestedsoundtype = 5
[LOG] SystemI::createSoundInternal             : exinfo->useropen           = 00007FF81CBD7DE0
[LOG] SystemI::createSoundInternal             : exinfo->userclose          = 00007FF81CBD7DB0
[LOG] SystemI::createSoundInternal             : exinfo->userread           = 00007FF81CBD7EB0
[LOG] SystemI::createSoundInternal             : exinfo->userseek           = 00007FF81CBD7F70
[LOG] SystemI::createSoundInternal             : exinfo->fileuserdata       = 00000203B31EC628
[LOG] SystemI::createSoundInternal             : exinfo->initialseekpostype = 1
[LOG] SystemI::DSPCodecPoolRegister            : register codec pool for pool type 5
[LOG] SystemI::createSoundInternal             : Sample 0/1: name='Strix FS1', format=5, channels=2, frequency=48000, lengthbytes=1440, lengthpcm=5358, pcmblocksize=0, loopstart=0, loopend=0, mode=0x00000000, channelmask=0x00000000, channelorder=0, peakvolume=0.008484.
[LOG] SystemI::createSoundInternal             : Create name='', mode=0x02000202
[LOG] SystemI::createSoundInternal             : exinfo->cbsize             = 224
[LOG] SystemI::createSoundInternal             : exinfo->length             = 65600
[LOG] SystemI::createSoundInternal             : exinfo->fileoffset         = 13024
[LOG] SystemI::createSoundInternal             : exinfo->numsubsounds       = 1
[LOG] SystemI::createSoundInternal             : exinfo->inclusionlist      = 000000BB43EBF128
[LOG] SystemI::createSoundInternal             : exinfo->inclusionlistnum   = 1
[LOG] SystemI::createSoundInternal             : exinfo->suggestedsoundtype = 5
[LOG] SystemI::createSoundInternal             : exinfo->useropen           = 00007FF81CBD7DE0
[LOG] SystemI::createSoundInternal             : exinfo->userclose          = 00007FF81CBD7DB0
[LOG] SystemI::createSoundInternal             : exinfo->userread           = 00007FF81CBD7EB0
[LOG] SystemI::createSoundInternal             : exinfo->userseek           = 00007FF81CBD7F70
[LOG] SystemI::createSoundInternal             : exinfo->fileuserdata       = 00000203B31EC628
[LOG] SystemI::createSoundInternal             : exinfo->initialseekpostype = 1
[LOG] SystemI::DSPCodecPoolRegister            : register codec pool for pool type 5
[LOG] SystemI::createSoundInternal             : Sample 0/1: name='Strix FS 2', format=5, channels=2, frequency=48000, lengthbytes=1536, lengthpcm=5769, pcmblocksize=0, loopstart=0, loopend=0, mode=0x00000000, channelmask=0x00000000, channelorder=0, peakvolume=0.013489.
[LOG] Manager::readBank                        : fileversion = 135, compatVersion = 132 (oldest = 44, newest = 135)
[LOG] SystemI::createSoundInternal             : Create name='', mode=0x02000202
[LOG] SystemI::createSoundInternal             : exinfo->cbsize             = 224
[LOG] SystemI::createSoundInternal             : exinfo->length             = 65600
[LOG] SystemI::createSoundInternal             : exinfo->fileoffset         = 13024
[LOG] SystemI::createSoundInternal             : exinfo->numsubsounds       = 1
[LOG] SystemI::createSoundInternal             : exinfo->inclusionlist      = 000000BB43EBF128
[LOG] SystemI::createSoundInternal             : exinfo->inclusionlistnum   = 1
[LOG] SystemI::createSoundInternal             : exinfo->suggestedsoundtype = 5
[LOG] SystemI::createSoundInternal             : exinfo->useropen           = 00007FF81CBD7DE0
[LOG] SystemI::createSoundInternal             : exinfo->userclose          = 00007FF81CBD7DB0
[LOG] SystemI::createSoundInternal             : exinfo->userread           = 00007FF81CBD7EB0
[LOG] SystemI::createSoundInternal             : exinfo->userseek           = 00007FF81CBD7F70
[LOG] SystemI::createSoundInternal             : exinfo->fileuserdata       = 00000203B31EC208
[LOG] SystemI::createSoundInternal             : exinfo->initialseekpostype = 1
[LOG] SystemI::DSPCodecPoolRegister            : register codec pool for pool type 5
[LOG] SystemI::createSoundInternal             : Sample 0/1: name='jump A', format=5, channels=1, frequency=48000, lengthbytes=4896, lengthpcm=28807, pcmblocksize=0, loopstart=0, loopend=0, mode=0x00000000, channelmask=0x00000000, channelorder=0, peakvolume=0.523376.
[LOG] SystemI::createSoundInternal             : Create name='', mode=0x02000202
[LOG] SystemI::createSoundInternal             : exinfo->cbsize             = 224
[LOG] SystemI::createSoundInternal             : exinfo->length             = 65600
[LOG] SystemI::createSoundInternal             : exinfo->fileoffset         = 13024
[LOG] SystemI::createSoundInternal             : exinfo->numsubsounds       = 1
[LOG] SystemI::createSoundInternal             : exinfo->inclusionlist      = 000000BB43EBF128
[LOG] SystemI::createSoundInternal             : exinfo->inclusionlistnum   = 1
[LOG] SystemI::createSoundInternal             : exinfo->suggestedsoundtype = 5
[LOG] SystemI::createSoundInternal             : exinfo->useropen           = 00007FF81CBD7DE0
[LOG] SystemI::createSoundInternal             : exinfo->userclose          = 00007FF81CBD7DB0
[LOG] SystemI::createSoundInternal             : exinfo->userread           = 00007FF81CBD7EB0
[LOG] SystemI::createSoundInternal             : exinfo->userseek           = 00007FF81CBD7F70
[LOG] SystemI::createSoundInternal             : exinfo->fileuserdata       = 00000203B31EC208
[LOG] SystemI::createSoundInternal             : exinfo->initialseekpostype = 1
[LOG] SystemI::DSPCodecPoolRegister            : register codec pool for pool type 5
[LOG] SystemI::createSoundInternal             : Sample 0/1: name='JUMP', format=5, channels=1, frequency=48000, lengthbytes=1632, lengthpcm=9961, pcmblocksize=0, loopstart=0, loopend=0, mode=0x00000000, channelmask=0x00000000, channelorder=0, peakvolume=0.026276.
[LOG] SystemI::createSoundInternal             : Create name='', mode=0x02000202
[LOG] SystemI::createSoundInternal             : exinfo->cbsize             = 224
[LOG] SystemI::createSoundInternal             : exinfo->length             = 65600
[LOG] SystemI::createSoundInternal             : exinfo->fileoffset         = 13024
[LOG] SystemI::createSoundInternal             : exinfo->numsubsounds       = 1
[LOG] SystemI::createSoundInternal             : exinfo->inclusionlist      = 000000BB43EBF128
[LOG] SystemI::createSoundInternal             : exinfo->inclusionlistnum   = 1
[LOG] SystemI::createSoundInternal             : exinfo->suggestedsoundtype = 5
[LOG] SystemI::createSoundInternal             : exinfo->useropen           = 00007FF81CBD7DE0
[LOG] SystemI::createSoundInternal             : exinfo->userclose          = 00007FF81CBD7DB0
[LOG] SystemI::createSoundInternal             : exinfo->userread           = 00007FF81CBD7EB0
[LOG] SystemI::createSoundInternal             : exinfo->userseek           = 00007FF81CBD7F70
[LOG] SystemI::createSoundInternal             : exinfo->fileuserdata       = 00000203B31EC208
[LOG] SystemI::createSoundInternal             : exinfo->initialseekpostype = 1
[LOG] SystemI::DSPCodecPoolRegister            : register codec pool for pool type 5
[LOG] SystemI::createSoundInternal             : Sample 0/1: name='Jump B', format=5, channels=1, frequency=48000, lengthbytes=4768, lengthpcm=27831, pcmblocksize=0, loopstart=0, loopend=0, mode=0x00000000, channelmask=0x00000000, channelorder=0, peakvolume=0.591522.
[LOG] Manager::readBank                        : fileversion = 135, compatVersion = 132 (oldest = 44, newest = 135)
[LOG] SystemI::createSoundInternal             : Create name='', mode=0x02000202
[LOG] SystemI::createSoundInternal             : exinfo->cbsize             = 224
[LOG] SystemI::createSoundInternal             : exinfo->length             = 65600
[LOG] SystemI::createSoundInternal             : exinfo->fileoffset         = 13024
[LOG] SystemI::createSoundInternal             : exinfo->numsubsounds       = 1
[LOG] SystemI::createSoundInternal             : exinfo->inclusionlist      = 000000BB43EBF128
[LOG] SystemI::createSoundInternal             : exinfo->inclusionlistnum   = 1
[LOG] SystemI::createSoundInternal             : exinfo->suggestedsoundtype = 5
[LOG] SystemI::createSoundInternal             : exinfo->useropen           = 00007FF81CBD7DE0
[LOG] SystemI::createSoundInternal             : exinfo->userclose          = 00007FF81CBD7DB0
[LOG] SystemI::createSoundInternal             : exinfo->userread           = 00007FF81CBD7EB0
[LOG] SystemI::createSoundInternal             : exinfo->userseek           = 00007FF81CBD7F70
[LOG] SystemI::createSoundInternal             : exinfo->fileuserdata       = 00000203B31EF7A8
[LOG] SystemI::createSoundInternal             : exinfo->initialseekpostype = 1
[LOG] SystemI::DSPCodecPoolRegister            : register codec pool for pool type 5
[LOG] SystemI::createSoundInternal             : Sample 0/1: name='Woosh-Mark_DiAngelo-4778593', format=5, channels=2, frequency=48000, lengthbytes=2176, lengthpcm=26496, pcmblocksize=0, loopstart=0, loopend=0, mode=0x00000000, channelmask=0x00000000, channelorder=0, peakvolume=0.999878.
[LOG] Manager::readBank                        : fileversion = 135, compatVersion = 132 (oldest = 44, newest = 135)
[LOG] Manager::readBank                        : fileversion = 135, compatVersion = 132 (oldest = 44, newest = 135)
[LOG] SoundI::release                          : Musique test adventure epic (0000020617EC1158)
[LOG] SoundI::release                          :     Musique test adventure epic (00000203B47040B8)
[LOG] SoundI::release                          :     Musique test adventure epic (0000020617EC1308)
[LOG] SoundI::release                          :  (0000020617FEDF38)
[LOG] SoundI::release                          :     Strix FS 3 (00000203B290D7A8)
[LOG] SoundI::release                          :  (0000020588123378)
[LOG] SoundI::release                          :     Strix FS1 (00000203B290E168)
[LOG] SoundI::release                          :  (0000020588123D88)
[LOG] SoundI::release                          :     Strix FS 2 (00000203B290F348)
[LOG] SoundI::release                          :  (0000020588122AD8)
[LOG] SoundI::release                          :     jump A (00000203B290ABC8)
[LOG] SoundI::release                          :  (0000020588123658)
[LOG] SoundI::release                          :     Jump B (00000203B290A888)
[LOG] SoundI::release                          :  (0000020588122DB8)
[LOG] SoundI::release                          :     JUMP (00000203B290BF48)
[LOG] SoundI::release                          :  (0000020588122C48)
[LOG] SoundI::release                          :     Woosh-Mark_DiAngelo-4778593 (00000203B290C428)
[LOG] Thread::callback                         : FMOD Studio update thread finished.
[LOG] Thread::callback                         : FMOD Studio bank load thread finished.
[LOG] Profile::disconnectAll                   : Profiler disconnecting all clients
[LOG] Thread::callback                         : FMOD Studio sample load thread finished.
[LOG] LiveUpdate::release                      : 
[LOG] LiveUpdate::reset                        : Reset connection (reason Disconnected)
[LOG] Thread::callback                         : FMOD stream thread finished.
[LOG] Thread::callback                         : FMOD mixer thread finished.
[LOG] Profile::disconnectAll                   : Profiler disconnecting all clients
[LOG] SystemI::close                           : Closed.
[LOG] Manager::readBank                        : fileversion = 135, compatVersion = 132 (oldest = 44, newest = 135)
[LOG] Manager::readBank                        : fileversion = 135, compatVersion = 132 (oldest = 44, newest = 135)
[LOG] Manager::readBank                        : fileversion = 135, compatVersion = 132 (oldest = 44, newest = 135)
[LOG] Manager::readBank                        : fileversion = 135, compatVersion = 132 (oldest = 44, newest = 135)
[LOG] PlaybackSystem::acquireMasterBus         : Setting master channel group format to 6
[LOG] Manager::readBank                        : fileversion = 135, compatVersion = 132 (oldest = 44, newest = 135)
[LOG] Manager::readBank                        : fileversion = 135, compatVersion = 132 (oldest = 44, newest = 135)
[LOG] Thread::callback                         : FMOD Studio bank load thread finished.
[LOG] Thread::callback                         : FMOD Studio sample load thread finished.
[LOG] LiveUpdate::release                      : 
[LOG] LiveUpdate::reset                        : Reset connection (reason Disconnected)
[LOG] Thread::callback                         : FMOD stream thread finished.
[LOG] Thread::callback                         : FMOD mixer thread finished.
[LOG] SystemI::close                           : Closed.
[LOG] Thread::callback                         : FMOD nonblocking thread (0) finished.
[LOG] Thread::callback                         : FMOD file thread finished.
